{"name":"errors","pid":4049,"hostname":"will-iml.local","v":0,"trace":"at Object.DashboardFilterCtrl.$scope.filter.onFilterView (https://localhost:8000/static/chroma_ui/built-fd5ce21b.js:38:7096)","msg":"trace","level":50,"time":"2017-05-01T17:49:24.457Z"}
{"name":"errors","pid":4048,"hostname":"will-iml.local","v":0,"trace":"Error: Come on sourcemaps.","msg":"trace","level":50,"time":"2017-05-01T17:49:24.457Z"}
{"name":"errors","pid":4052,"hostname":"will-iml.local","v":0,"trace":"at Scope.$eval (https://localhost:8000/static/chroma_ui/built-fd5ce21b.js:12:12643)","msg":"trace","level":50,"time":"2017-05-01T17:49:24.494Z"}
{"name":"errors","pid":4051,"hostname":"will-iml.local","v":0,"trace":"at https://localhost:8000/static/chroma_ui/built-fd5ce21b.js:14:16407","msg":"trace","level":50,"time":"2017-05-01T17:49:24.498Z"}
{"name":"errors","pid":4053,"hostname":"will-iml.local","v":0,"trace":"at Scope.$apply (https://localhost:8000/static/chroma_ui/built-fd5ce21b.js:12:12989)","msg":"trace","level":50,"time":"2017-05-01T17:49:24.534Z"}
{"name":"errors","pid":4054,"hostname":"will-iml.local","v":0,"trace":"at HTMLButtonElement.<anonymous> (https://localhost:8000/static/chroma_ui/built-fd5ce21b.js:14:16389)","msg":"trace","level":50,"time":"2017-05-01T17:49:24.540Z"}
{"name":"errors","pid":4050,"hostname":"will-iml.local","v":0,"trace":"at https://localhost:8000/static/chroma_ui/built-fd5ce21b.js:14:4896","msg":"trace","level":50,"time":"2017-05-01T17:49:24.544Z"}
{"name":"errors","pid":4057,"hostname":"will-iml.local","v":0,"trace":"","msg":"trace","level":50,"time":"2017-05-01T17:49:24.577Z"}
{"name":"errors","pid":4055,"hostname":"will-iml.local","v":0,"trace":"at HTMLButtonElement.jQuery.event.dispatch (https://localhost:8000/static/chroma_ui/built-fd5ce21b.js:7:13226)","msg":"trace","level":50,"time":"2017-05-01T17:49:24.588Z"}
{"name":"errors","pid":4056,"hostname":"will-iml.local","v":0,"trace":"at HTMLButtonElement.elemData.handle (https://localhost:8000/static/chroma_ui/built-fd5ce21b.js:7:8056)","msg":"trace","level":50,"time":"2017-05-01T17:49:24.591Z"}
{"name":"errors","pid":4048,"hostname":"will-iml.local","v":0,"trace":"Error: Come on sourcemaps.","msg":"trace","level":50,"time":"2017-05-01T17:49:24.646Z"}
{"name":"errors","pid":4057,"hostname":"will-iml.local","v":0,"trace":"","msg":"trace","level":50,"time":"2017-05-01T17:49:24.715Z"}
{"name":"errors","pid":4052,"hostname":"will-iml.local","v":0,"trace":"at Scope.$eval (https://localhost:8000/static/chroma_ui/built-fd5ce21b.js:12:12643)","msg":"trace","level":50,"time":"2017-05-01T17:49:24.733Z"}
{"name":"errors","pid":4053,"hostname":"will-iml.local","v":0,"trace":"at Scope.$apply (https://localhost:8000/static/chroma_ui/built-fd5ce21b.js:12:12989)","msg":"trace","level":50,"time":"2017-05-01T17:49:24.714Z"}
{"name":"errors","pid":4054,"hostname":"will-iml.local","v":0,"trace":"at HTMLButtonElement.<anonymous> (https://localhost:8000/static/chroma_ui/built-fd5ce21b.js:14:16389)","msg":"trace","level":50,"time":"2017-05-01T17:49:24.729Z"}
{"name":"errors","pid":4049,"hostname":"will-iml.local","v":0,"trace":"at Object.DashboardFilterCtrl.$scope.filter.onFilterView (https://localhost:8000/static/chroma_ui/built-fd5ce21b.js:38:7096)","msg":"trace","level":50,"time":"2017-05-01T17:49:24.677Z"}
{"name":"errors","pid":4055,"hostname":"will-iml.local","v":0,"trace":"at HTMLButtonElement.jQuery.event.dispatch (https://localhost:8000/static/chroma_ui/built-fd5ce21b.js:7:13226)","msg":"trace","level":50,"time":"2017-05-01T17:49:24.725Z"}
{"name":"errors","pid":4051,"hostname":"will-iml.local","v":0,"trace":"at https://localhost:8000/static/chroma_ui/built-fd5ce21b.js:14:16407","msg":"trace","level":50,"time":"2017-05-01T17:49:24.725Z"}
{"name":"errors","pid":4056,"hostname":"will-iml.local","v":0,"trace":"at HTMLButtonElement.elemData.handle (https://localhost:8000/static/chroma_ui/built-fd5ce21b.js:7:8056)","msg":"trace","level":50,"time":"2017-05-01T17:49:24.725Z"}
{"name":"errors","pid":4050,"hostname":"will-iml.local","v":0,"trace":"at https://localhost:8000/static/chroma_ui/built-fd5ce21b.js:14:4896","msg":"trace","level":50,"time":"2017-05-01T17:49:24.722Z"}
{"name":"errors","pid":5131,"hostname":"will-iml.local","v":0,"trace":"at https://localhost:8000/static/chroma_ui/built-fd5ce21b.js:14:16407","msg":"trace","level":50,"time":"2017-05-01T17:51:40.239Z"}
{"name":"errors","pid":5130,"hostname":"will-iml.local","v":0,"trace":"at https://localhost:8000/static/chroma_ui/built-fd5ce21b.js:14:4896","msg":"trace","level":50,"time":"2017-05-01T17:51:40.241Z"}
{"name":"errors","pid":5129,"hostname":"will-iml.local","v":0,"trace":"at Object.DashboardFilterCtrl.$scope.filter.onFilterView (https://localhost:8000/static/chroma_ui/built-fd5ce21b.js:38:7096)","msg":"trace","level":50,"time":"2017-05-01T17:51:40.241Z"}
{"name":"errors","pid":5132,"hostname":"will-iml.local","v":0,"trace":"at Scope.$eval (https://localhost:8000/static/chroma_ui/built-fd5ce21b.js:12:12643)","msg":"trace","level":50,"time":"2017-05-01T17:51:40.280Z"}
{"name":"errors","pid":5128,"hostname":"will-iml.local","v":0,"trace":"Error: Come on sourcemaps.","msg":"trace","level":50,"time":"2017-05-01T17:51:40.283Z"}
{"name":"errors","pid":5133,"hostname":"will-iml.local","v":0,"trace":"at Scope.$apply (https://localhost:8000/static/chroma_ui/built-fd5ce21b.js:12:12989)","msg":"trace","level":50,"time":"2017-05-01T17:51:40.287Z"}
{"name":"errors","pid":5134,"hostname":"will-iml.local","v":0,"trace":"at HTMLButtonElement.<anonymous> (https://localhost:8000/static/chroma_ui/built-fd5ce21b.js:14:16389)","msg":"trace","level":50,"time":"2017-05-01T17:51:40.314Z"}
{"name":"errors","pid":5136,"hostname":"will-iml.local","v":0,"trace":"at HTMLButtonElement.elemData.handle (https://localhost:8000/static/chroma_ui/built-fd5ce21b.js:7:8056)","msg":"trace","level":50,"time":"2017-05-01T17:51:40.395Z"}
{"name":"errors","pid":5135,"hostname":"will-iml.local","v":0,"trace":"at HTMLButtonElement.jQuery.event.dispatch (https://localhost:8000/static/chroma_ui/built-fd5ce21b.js:7:13226)","msg":"trace","level":50,"time":"2017-05-01T17:51:40.399Z"}
{"name":"errors","pid":5137,"hostname":"will-iml.local","v":0,"trace":"","msg":"trace","level":50,"time":"2017-05-01T17:51:40.394Z"}
{"name":"errors","pid":5884,"hostname":"will-iml.local","v":0,"trace":"at https://localhost:8000/static/chroma_ui/built-fd5ce21b.js:14:4896","msg":"trace","level":50,"time":"2017-05-01T17:55:12.920Z"}
{"name":"errors","pid":5888,"hostname":"will-iml.local","v":0,"trace":"at HTMLButtonElement.<anonymous> (https://localhost:8000/static/chroma_ui/built-fd5ce21b.js:14:16389)","msg":"trace","level":50,"time":"2017-05-01T17:55:12.930Z"}
{"name":"errors","pid":5883,"hostname":"will-iml.local","v":0,"trace":"at Object.DashboardFilterCtrl.$scope.filter.onFilterView (https://localhost:8000/static/chroma_ui/built-fd5ce21b.js:38:7096)","msg":"trace","level":50,"time":"2017-05-01T17:55:12.930Z"}
{"name":"errors","pid":5882,"hostname":"will-iml.local","v":0,"trace":"Error: Come on sourcemaps.","msg":"trace","level":50,"time":"2017-05-01T17:55:12.932Z"}
{"name":"errors","pid":5889,"hostname":"will-iml.local","v":0,"trace":"at HTMLButtonElement.jQuery.event.dispatch (https://localhost:8000/static/chroma_ui/built-fd5ce21b.js:7:13226)","msg":"trace","level":50,"time":"2017-05-01T17:55:12.941Z"}
{"name":"errors","pid":5886,"hostname":"will-iml.local","v":0,"trace":"at Scope.$eval (https://localhost:8000/static/chroma_ui/built-fd5ce21b.js:12:12643)","msg":"trace","level":50,"time":"2017-05-01T17:55:12.931Z"}
{"name":"errors","pid":5890,"hostname":"will-iml.local","v":0,"trace":"at HTMLButtonElement.elemData.handle (https://localhost:8000/static/chroma_ui/built-fd5ce21b.js:7:8056)","msg":"trace","level":50,"time":"2017-05-01T17:55:12.943Z"}
{"name":"errors","pid":5885,"hostname":"will-iml.local","v":0,"trace":"at https://localhost:8000/static/chroma_ui/built-fd5ce21b.js:14:16407","msg":"trace","level":50,"time":"2017-05-01T17:55:12.947Z"}
{"name":"errors","pid":5887,"hostname":"will-iml.local","v":0,"trace":"at Scope.$apply (https://localhost:8000/static/chroma_ui/built-fd5ce21b.js:12:12989)","msg":"trace","level":50,"time":"2017-05-01T17:55:12.950Z"}
{"name":"errors","pid":5891,"hostname":"will-iml.local","v":0,"trace":"","msg":"trace","level":50,"time":"2017-05-01T17:55:12.941Z"}
{"name":"errors","pid":6902,"hostname":"will-iml.local","v":0,"trace":"at Object.DashboardFilterCtrl.$scope.filter.onFilterView (https://localhost:8000/static/chroma_ui/built-fd5ce21b.js:38:7096)","msg":"trace","level":50,"time":"2017-05-01T17:56:28.623Z"}
{"name":"errors","pid":6901,"hostname":"will-iml.local","v":0,"trace":"Error: Come on sourcemaps.","msg":"trace","level":50,"time":"2017-05-01T17:56:28.621Z"}
{"name":"errors","pid":6904,"hostname":"will-iml.local","v":0,"trace":"at https://localhost:8000/static/chroma_ui/built-fd5ce21b.js:14:16407","msg":"trace","level":50,"time":"2017-05-01T17:56:28.645Z"}
{"name":"errors","pid":6907,"hostname":"will-iml.local","v":0,"trace":"at HTMLButtonElement.<anonymous> (https://localhost:8000/static/chroma_ui/built-fd5ce21b.js:14:16389)","msg":"trace","level":50,"time":"2017-05-01T17:56:28.645Z"}
{"name":"errors","pid":6903,"hostname":"will-iml.local","v":0,"trace":"at https://localhost:8000/static/chroma_ui/built-fd5ce21b.js:14:4896","msg":"trace","level":50,"time":"2017-05-01T17:56:28.644Z"}
{"name":"errors","pid":6906,"hostname":"will-iml.local","v":0,"trace":"at Scope.$apply (https://localhost:8000/static/chroma_ui/built-fd5ce21b.js:12:12989)","msg":"trace","level":50,"time":"2017-05-01T17:56:28.637Z"}
{"name":"errors","pid":6905,"hostname":"will-iml.local","v":0,"trace":"at Scope.$eval (https://localhost:8000/static/chroma_ui/built-fd5ce21b.js:12:12643)","msg":"trace","level":50,"time":"2017-05-01T17:56:28.647Z"}
{"name":"errors","pid":6909,"hostname":"will-iml.local","v":0,"trace":"at HTMLButtonElement.elemData.handle (https://localhost:8000/static/chroma_ui/built-fd5ce21b.js:7:8056)","msg":"trace","level":50,"time":"2017-05-01T17:56:28.651Z"}
{"name":"errors","pid":6910,"hostname":"will-iml.local","v":0,"trace":"","msg":"trace","level":50,"time":"2017-05-01T17:56:28.664Z"}
{"name":"errors","pid":6908,"hostname":"will-iml.local","v":0,"trace":"at HTMLButtonElement.jQuery.event.dispatch (https://localhost:8000/static/chroma_ui/built-fd5ce21b.js:7:13226)","msg":"trace","level":50,"time":"2017-05-01T17:56:28.671Z"}
{"name":"errors","pid":8373,"hostname":"will-iml.local","v":0,"trace":"at Object.DashboardFilterCtrl.$scope.filter.onFilterView (https://localhost:8000/static/chroma_ui/built-fd5ce21b.js:38:7096)","msg":"trace","level":50,"time":"2017-05-01T17:59:59.592Z"}
{"name":"errors","pid":8381,"hostname":"will-iml.local","v":0,"trace":"","msg":"trace","level":50,"time":"2017-05-01T17:59:59.603Z"}
{"name":"errors","pid":8372,"hostname":"will-iml.local","v":0,"trace":"Error: Come on sourcemaps.","msg":"trace","level":50,"time":"2017-05-01T17:59:59.584Z"}
{"name":"errors","pid":8376,"hostname":"will-iml.local","v":0,"trace":"at Scope.$eval (https://localhost:8000/static/chroma_ui/built-fd5ce21b.js:12:12643)","msg":"trace","level":50,"time":"2017-05-01T17:59:59.564Z"}
{"name":"errors","pid":8379,"hostname":"will-iml.local","v":0,"trace":"at HTMLButtonElement.jQuery.event.dispatch (https://localhost:8000/static/chroma_ui/built-fd5ce21b.js:7:13226)","msg":"trace","level":50,"time":"2017-05-01T17:59:59.615Z"}
{"name":"errors","pid":8380,"hostname":"will-iml.local","v":0,"trace":"at HTMLButtonElement.elemData.handle (https://localhost:8000/static/chroma_ui/built-fd5ce21b.js:7:8056)","msg":"trace","level":50,"time":"2017-05-01T17:59:59.615Z"}
{"name":"errors","pid":8377,"hostname":"will-iml.local","v":0,"trace":"at Scope.$apply (https://localhost:8000/static/chroma_ui/built-fd5ce21b.js:12:12989)","msg":"trace","level":50,"time":"2017-05-01T17:59:59.643Z"}
{"name":"errors","pid":8375,"hostname":"will-iml.local","v":0,"trace":"at https://localhost:8000/static/chroma_ui/built-fd5ce21b.js:14:16407","msg":"trace","level":50,"time":"2017-05-01T17:59:59.660Z"}
{"name":"errors","pid":8378,"hostname":"will-iml.local","v":0,"trace":"at HTMLButtonElement.<anonymous> (https://localhost:8000/static/chroma_ui/built-fd5ce21b.js:14:16389)","msg":"trace","level":50,"time":"2017-05-01T17:59:59.660Z"}
{"name":"errors","pid":8374,"hostname":"will-iml.local","v":0,"trace":"at https://localhost:8000/static/chroma_ui/built-fd5ce21b.js:14:4896","msg":"trace","level":50,"time":"2017-05-01T17:59:59.673Z"}
{"name":"errors","pid":8961,"hostname":"will-iml.local","v":0,"trace":"Error: Come on sourcemaps.","msg":"trace","level":50,"time":"2017-05-01T18:02:52.786Z"}
{"name":"errors","pid":8967,"hostname":"will-iml.local","v":0,"trace":"at HTMLButtonElement.<anonymous> (https://localhost:8000/static/chroma_ui/built-fd5ce21b.js:14:16389)","msg":"trace","level":50,"time":"2017-05-01T18:02:52.790Z"}
{"name":"errors","pid":8963,"hostname":"will-iml.local","v":0,"trace":"at https://localhost:8000/static/chroma_ui/built-fd5ce21b.js:14:4896","msg":"trace","level":50,"time":"2017-05-01T18:02:52.809Z"}
{"name":"errors","pid":8962,"hostname":"will-iml.local","v":0,"trace":"at Object.DashboardFilterCtrl.$scope.filter.onFilterView (https://localhost:8000/static/chroma_ui/built-fd5ce21b.js:38:7096)","msg":"trace","level":50,"time":"2017-05-01T18:02:52.811Z"}
{"name":"errors","pid":8964,"hostname":"will-iml.local","v":0,"trace":"at https://localhost:8000/static/chroma_ui/built-fd5ce21b.js:14:16407","msg":"trace","level":50,"time":"2017-05-01T18:02:52.822Z"}
{"name":"errors","pid":8969,"hostname":"will-iml.local","v":0,"trace":"at HTMLButtonElement.elemData.handle (https://localhost:8000/static/chroma_ui/built-fd5ce21b.js:7:8056)","msg":"trace","level":50,"time":"2017-05-01T18:02:52.823Z"}
{"name":"errors","pid":8970,"hostname":"will-iml.local","v":0,"trace":"","msg":"trace","level":50,"time":"2017-05-01T18:02:52.824Z"}
{"name":"errors","pid":8965,"hostname":"will-iml.local","v":0,"trace":"at Scope.$eval (https://localhost:8000/static/chroma_ui/built-fd5ce21b.js:12:12643)","msg":"trace","level":50,"time":"2017-05-01T18:02:52.826Z"}
{"name":"errors","pid":8966,"hostname":"will-iml.local","v":0,"trace":"at Scope.$apply (https://localhost:8000/static/chroma_ui/built-fd5ce21b.js:12:12989)","msg":"trace","level":50,"time":"2017-05-01T18:02:52.827Z"}
{"name":"errors","pid":8968,"hostname":"will-iml.local","v":0,"trace":"at HTMLButtonElement.jQuery.event.dispatch (https://localhost:8000/static/chroma_ui/built-fd5ce21b.js:7:13226)","msg":"trace","level":50,"time":"2017-05-01T18:02:52.839Z"}
{"name":"errors","pid":9394,"hostname":"will-iml.local","v":0,"trace":"at https://localhost:8000/static/chroma_ui/built-fd5ce21b.js:14:4896","msg":"trace","level":50,"time":"2017-05-01T18:03:59.472Z"}
{"name":"errors","pid":9391,"hostname":"will-iml.local","v":0,"trace":"Error: Come on sourcemaps.","msg":"trace","level":50,"time":"2017-05-01T18:03:59.597Z"}
{"name":"errors","pid":9395,"hostname":"will-iml.local","v":0,"trace":"at https://localhost:8000/static/chroma_ui/built-fd5ce21b.js:14:16407","msg":"trace","level":50,"time":"2017-05-01T18:03:59.620Z"}
{"name":"errors","pid":9392,"hostname":"will-iml.local","v":0,"trace":"at Object.DashboardFilterCtrl.$scope.filter.onFilterView (https://localhost:8000/static/chroma_ui/built-fd5ce21b.js:38:7096)","msg":"trace","level":50,"time":"2017-05-01T18:03:59.607Z"}
{"name":"errors","pid":9396,"hostname":"will-iml.local","v":0,"trace":"at Scope.$eval (https://localhost:8000/static/chroma_ui/built-fd5ce21b.js:12:12643)","msg":"trace","level":50,"time":"2017-05-01T18:03:59.655Z"}
{"name":"errors","pid":9401,"hostname":"will-iml.local","v":0,"trace":"at HTMLButtonElement.elemData.handle (https://localhost:8000/static/chroma_ui/built-fd5ce21b.js:7:8056)","msg":"trace","level":50,"time":"2017-05-01T18:03:59.667Z"}
{"name":"errors","pid":9398,"hostname":"will-iml.local","v":0,"trace":"at HTMLButtonElement.<anonymous> (https://localhost:8000/static/chroma_ui/built-fd5ce21b.js:14:16389)","msg":"trace","level":50,"time":"2017-05-01T18:03:59.672Z"}
{"name":"errors","pid":9397,"hostname":"will-iml.local","v":0,"trace":"at Scope.$apply (https://localhost:8000/static/chroma_ui/built-fd5ce21b.js:12:12989)","msg":"trace","level":50,"time":"2017-05-01T18:03:59.681Z"}
{"name":"errors","pid":9402,"hostname":"will-iml.local","v":0,"trace":"","msg":"trace","level":50,"time":"2017-05-01T18:03:59.685Z"}
{"name":"errors","pid":9400,"hostname":"will-iml.local","v":0,"trace":"at HTMLButtonElement.jQuery.event.dispatch (https://localhost:8000/static/chroma_ui/built-fd5ce21b.js:7:13226)","msg":"trace","level":50,"time":"2017-05-01T18:03:59.692Z"}
{"name":"errors","pid":9860,"hostname":"will-iml.local","v":0,"trace":"at https://localhost:8000/static/chroma_ui/built-fd5ce21b.js:14:16407","msg":"trace","level":50,"time":"2017-05-01T18:04:48.187Z"}
{"name":"errors","pid":9857,"hostname":"will-iml.local","v":0,"trace":"Error: Come on sourcemaps.","msg":"trace","level":50,"time":"2017-05-01T18:04:48.199Z"}
{"name":"errors","pid":9859,"hostname":"will-iml.local","v":0,"trace":"at https://localhost:8000/static/chroma_ui/built-fd5ce21b.js:14:4896","msg":"trace","level":50,"time":"2017-05-01T18:04:48.269Z"}
{"name":"errors","pid":9864,"hostname":"will-iml.local","v":0,"trace":"at HTMLButtonElement.jQuery.event.dispatch (https://localhost:8000/static/chroma_ui/built-fd5ce21b.js:7:13226)","msg":"trace","level":50,"time":"2017-05-01T18:04:48.273Z"}
{"name":"errors","pid":9858,"hostname":"will-iml.local","v":0,"trace":"at Object.DashboardFilterCtrl.$scope.filter.onFilterView (https://localhost:8000/static/chroma_ui/built-fd5ce21b.js:38:7096)","msg":"trace","level":50,"time":"2017-05-01T18:04:48.335Z"}
{"name":"errors","pid":9863,"hostname":"will-iml.local","v":0,"trace":"at HTMLButtonElement.<anonymous> (https://localhost:8000/static/chroma_ui/built-fd5ce21b.js:14:16389)","msg":"trace","level":50,"time":"2017-05-01T18:04:48.435Z"}
{"name":"errors","pid":9865,"hostname":"will-iml.local","v":0,"trace":"at HTMLButtonElement.elemData.handle (https://localhost:8000/static/chroma_ui/built-fd5ce21b.js:7:8056)","msg":"trace","level":50,"time":"2017-05-01T18:04:48.439Z"}
{"name":"errors","pid":9861,"hostname":"will-iml.local","v":0,"trace":"at Scope.$eval (https://localhost:8000/static/chroma_ui/built-fd5ce21b.js:12:12643)","msg":"trace","level":50,"time":"2017-05-01T18:04:48.447Z"}
{"name":"errors","pid":9862,"hostname":"will-iml.local","v":0,"trace":"at Scope.$apply (https://localhost:8000/static/chroma_ui/built-fd5ce21b.js:12:12989)","msg":"trace","level":50,"time":"2017-05-01T18:04:48.461Z"}
{"name":"errors","pid":9866,"hostname":"will-iml.local","v":0,"trace":"","msg":"trace","level":50,"time":"2017-05-01T18:04:48.520Z"}
{"name":"errors","pid":10775,"hostname":"will-iml.local","v":0,"trace":"at Object.DashboardFilterCtrl.$scope.filter.onFilterView (https://localhost:8000/static/chroma_ui/built-fd5ce21b.js:38:7096)","msg":"trace","level":50,"time":"2017-05-01T18:10:47.825Z"}
{"name":"errors","pid":10776,"hostname":"will-iml.local","v":0,"trace":"at https://localhost:8000/static/chroma_ui/built-fd5ce21b.js:14:4896","msg":"trace","level":50,"time":"2017-05-01T18:10:47.832Z"}
{"name":"errors","pid":10774,"hostname":"will-iml.local","v":0,"trace":"Error: Come on sourcemaps.","msg":"trace","level":50,"time":"2017-05-01T18:10:47.833Z"}
{"name":"errors","pid":10777,"hostname":"will-iml.local","v":0,"trace":"at https://localhost:8000/static/chroma_ui/built-fd5ce21b.js:14:16407","msg":"trace","level":50,"time":"2017-05-01T18:10:47.841Z"}
{"name":"errors","pid":10778,"hostname":"will-iml.local","v":0,"trace":"at Scope.$eval (https://localhost:8000/static/chroma_ui/built-fd5ce21b.js:12:12643)","msg":"trace","level":50,"time":"2017-05-01T18:10:47.905Z"}
{"name":"errors","pid":10780,"hostname":"will-iml.local","v":0,"trace":"at HTMLButtonElement.<anonymous> (https://localhost:8000/static/chroma_ui/built-fd5ce21b.js:14:16389)","msg":"trace","level":50,"time":"2017-05-01T18:10:47.938Z"}
{"name":"errors","pid":10779,"hostname":"will-iml.local","v":0,"trace":"at Scope.$apply (https://localhost:8000/static/chroma_ui/built-fd5ce21b.js:12:12989)","msg":"trace","level":50,"time":"2017-05-01T18:10:48.345Z"}
{"name":"errors","pid":10782,"hostname":"will-iml.local","v":0,"trace":"at HTMLButtonElement.elemData.handle (https://localhost:8000/static/chroma_ui/built-fd5ce21b.js:7:8056)","msg":"trace","level":50,"time":"2017-05-01T18:10:48.346Z"}
{"name":"errors","pid":10781,"hostname":"will-iml.local","v":0,"trace":"at HTMLButtonElement.jQuery.event.dispatch (https://localhost:8000/static/chroma_ui/built-fd5ce21b.js:7:13226)","msg":"trace","level":50,"time":"2017-05-01T18:10:48.449Z"}
{"name":"errors","pid":10783,"hostname":"will-iml.local","v":0,"trace":"","msg":"trace","level":50,"time":"2017-05-01T18:10:48.908Z"}
{"name":"errors","pid":10806,"hostname":"will-iml.local","v":0,"trace":"at Object.DashboardFilterCtrl.$scope.filter.onFilterView (https://localhost:8000/static/chroma_ui/built-fd5ce21b.js:38:7096)","msg":"trace","level":50,"time":"2017-05-01T18:10:50.270Z"}
{"name":"errors","pid":11672,"hostname":"will-iml.local","v":0,"trace":"at https://localhost:8000/static/chroma_ui/built-fd5ce21b.js:14:16407","msg":"trace","level":50,"time":"2017-05-01T18:19:35.548Z"}
{"name":"errors","pid":11674,"hostname":"will-iml.local","v":0,"trace":"at Scope.$apply (https://localhost:8000/static/chroma_ui/built-fd5ce21b.js:12:12989)","msg":"trace","level":50,"time":"2017-05-01T18:19:35.586Z"}
{"name":"errors","pid":11670,"hostname":"will-iml.local","v":0,"trace":"at Object.DashboardFilterCtrl.$scope.filter.onFilterView (https://localhost:8000/static/chroma_ui/built-fd5ce21b.js:38:7096)","msg":"trace","level":50,"time":"2017-05-01T18:19:35.590Z"}
{"name":"errors","pid":11675,"hostname":"will-iml.local","v":0,"trace":"at HTMLButtonElement.<anonymous> (https://localhost:8000/static/chroma_ui/built-fd5ce21b.js:14:16389)","msg":"trace","level":50,"time":"2017-05-01T18:19:35.649Z"}
{"name":"errors","pid":11676,"hostname":"will-iml.local","v":0,"trace":"at HTMLButtonElement.jQuery.event.dispatch (https://localhost:8000/static/chroma_ui/built-fd5ce21b.js:7:13226)","msg":"trace","level":50,"time":"2017-05-01T18:19:35.684Z"}
{"name":"errors","pid":11669,"hostname":"will-iml.local","v":0,"trace":"Error: Come on sourcemaps.","msg":"trace","level":50,"time":"2017-05-01T18:19:35.810Z"}
{"name":"errors","pid":11671,"hostname":"will-iml.local","v":0,"trace":"at https://localhost:8000/static/chroma_ui/built-fd5ce21b.js:14:4896","msg":"trace","level":50,"time":"2017-05-01T18:19:35.860Z"}
{"name":"errors","pid":11673,"hostname":"will-iml.local","v":0,"trace":"at Scope.$eval (https://localhost:8000/static/chroma_ui/built-fd5ce21b.js:12:12643)","msg":"trace","level":50,"time":"2017-05-01T18:19:35.907Z"}
{"name":"errors","pid":11678,"hostname":"will-iml.local","v":0,"trace":"","msg":"trace","level":50,"time":"2017-05-01T18:19:36.146Z"}
{"name":"errors","pid":11677,"hostname":"will-iml.local","v":0,"trace":"at HTMLButtonElement.elemData.handle (https://localhost:8000/static/chroma_ui/built-fd5ce21b.js:7:8056)","msg":"trace","level":50,"time":"2017-05-01T18:19:36.177Z"}
{"name":"errors","pid":12052,"hostname":"will-iml.local","v":0,"trace":"at Object.DashboardFilterCtrl.$scope.filter.onFilterView (https://localhost:8000/static/chroma_ui/built-fd5ce21b.js:38:7096)","msg":"trace","level":50,"time":"2017-05-01T18:20:41.138Z"}
{"name":"errors","pid":12053,"hostname":"will-iml.local","v":0,"trace":"at https://localhost:8000/static/chroma_ui/built-fd5ce21b.js:14:4896","msg":"trace","level":50,"time":"2017-05-01T18:20:41.152Z"}
{"name":"errors","pid":12055,"hostname":"will-iml.local","v":0,"trace":"at Scope.$eval (https://localhost:8000/static/chroma_ui/built-fd5ce21b.js:12:12643)","msg":"trace","level":50,"time":"2017-05-01T18:20:41.158Z"}
{"name":"errors","pid":12051,"hostname":"will-iml.local","v":0,"trace":"Error: Come on sourcemaps.","msg":"trace","level":50,"time":"2017-05-01T18:20:41.201Z"}
{"name":"errors","pid":12054,"hostname":"will-iml.local","v":0,"trace":"at https://localhost:8000/static/chroma_ui/built-fd5ce21b.js:14:16407","msg":"trace","level":50,"time":"2017-05-01T18:20:41.382Z"}
{"name":"errors","pid":12057,"hostname":"will-iml.local","v":0,"trace":"at HTMLButtonElement.<anonymous> (https://localhost:8000/static/chroma_ui/built-fd5ce21b.js:14:16389)","msg":"trace","level":50,"time":"2017-05-01T18:20:41.493Z"}
{"name":"errors","pid":12056,"hostname":"will-iml.local","v":0,"trace":"at Scope.$apply (https://localhost:8000/static/chroma_ui/built-fd5ce21b.js:12:12989)","msg":"trace","level":50,"time":"2017-05-01T18:20:41.494Z"}
{"name":"errors","pid":12060,"hostname":"will-iml.local","v":0,"trace":"at HTMLButtonElement.elemData.handle (https://localhost:8000/static/chroma_ui/built-fd5ce21b.js:7:8056)","msg":"trace","level":50,"time":"2017-05-01T18:20:41.506Z"}
{"name":"errors","pid":12058,"hostname":"will-iml.local","v":0,"trace":"at HTMLButtonElement.jQuery.event.dispatch (https://localhost:8000/static/chroma_ui/built-fd5ce21b.js:7:13226)","msg":"trace","level":50,"time":"2017-05-01T18:20:41.515Z"}
{"name":"errors","pid":12061,"hostname":"will-iml.local","v":0,"trace":"","msg":"trace","level":50,"time":"2017-05-01T18:20:41.553Z"}
{"name":"errors","pid":12376,"hostname":"will-iml.local","v":0,"trace":"at HTMLButtonElement.<anonymous> (https://localhost:8000/static/chroma_ui/built-fd5ce21b.js:14:16389)","msg":"trace","level":50,"time":"2017-05-01T18:20:59.804Z"}
{"name":"errors","pid":12375,"hostname":"will-iml.local","v":0,"trace":"at Scope.$apply (https://localhost:8000/static/chroma_ui/built-fd5ce21b.js:12:12989)","msg":"trace","level":50,"time":"2017-05-01T18:20:59.902Z"}
{"name":"errors","pid":12371,"hostname":"will-iml.local","v":0,"trace":"at Object.DashboardFilterCtrl.$scope.filter.onFilterView (https://localhost:8000/static/chroma_ui/built-fd5ce21b.js:38:7096)","msg":"trace","level":50,"time":"2017-05-01T18:20:59.911Z"}
{"name":"errors","pid":12372,"hostname":"will-iml.local","v":0,"trace":"at https://localhost:8000/static/chroma_ui/built-fd5ce21b.js:14:4896","msg":"trace","level":50,"time":"2017-05-01T18:20:59.928Z"}
{"name":"errors","pid":12373,"hostname":"will-iml.local","v":0,"trace":"at https://localhost:8000/static/chroma_ui/built-fd5ce21b.js:14:16407","msg":"trace","level":50,"time":"2017-05-01T18:20:59.920Z"}
{"name":"errors","pid":12370,"hostname":"will-iml.local","v":0,"trace":"Error: Come on sourcemaps.","msg":"trace","level":50,"time":"2017-05-01T18:20:59.980Z"}
{"name":"errors","pid":12377,"hostname":"will-iml.local","v":0,"trace":"at HTMLButtonElement.jQuery.event.dispatch (https://localhost:8000/static/chroma_ui/built-fd5ce21b.js:7:13226)","msg":"trace","level":50,"time":"2017-05-01T18:20:59.997Z"}
{"name":"errors","pid":12374,"hostname":"will-iml.local","v":0,"trace":"at Scope.$eval (https://localhost:8000/static/chroma_ui/built-fd5ce21b.js:12:12643)","msg":"trace","level":50,"time":"2017-05-01T18:20:59.993Z"}
{"name":"errors","pid":12378,"hostname":"will-iml.local","v":0,"trace":"at HTMLButtonElement.elemData.handle (https://localhost:8000/static/chroma_ui/built-fd5ce21b.js:7:8056)","msg":"trace","level":50,"time":"2017-05-01T18:21:00.067Z"}
{"name":"errors","pid":12781,"hostname":"will-iml.local","v":0,"trace":"Error: Come on sourcemaps.","msg":"trace","level":50,"time":"2017-05-01T18:21:35.330Z"}
{"name":"errors","pid":12784,"hostname":"will-iml.local","v":0,"trace":"at https://localhost:8000/static/chroma_ui/built-fd5ce21b.js:14:16407","msg":"trace","level":50,"time":"2017-05-01T18:21:35.379Z"}
{"name":"errors","pid":12788,"hostname":"will-iml.local","v":0,"trace":"at HTMLButtonElement.jQuery.event.dispatch (https://localhost:8000/static/chroma_ui/built-fd5ce21b.js:7:13226)","msg":"trace","level":50,"time":"2017-05-01T18:21:35.395Z"}
{"name":"errors","pid":12790,"hostname":"will-iml.local","v":0,"trace":"","msg":"trace","level":50,"time":"2017-05-01T18:21:35.612Z"}
{"name":"errors","pid":12787,"hostname":"will-iml.local","v":0,"trace":"at HTMLButtonElement.<anonymous> (https://localhost:8000/static/chroma_ui/built-fd5ce21b.js:14:16389)","msg":"trace","level":50,"time":"2017-05-01T18:21:35.685Z"}
{"name":"errors","pid":12786,"hostname":"will-iml.local","v":0,"trace":"at Scope.$apply (https://localhost:8000/static/chroma_ui/built-fd5ce21b.js:12:12989)","msg":"trace","level":50,"time":"2017-05-01T18:21:35.685Z"}
{"name":"errors","pid":12782,"hostname":"will-iml.local","v":0,"trace":"at Object.DashboardFilterCtrl.$scope.filter.onFilterView (https://localhost:8000/static/chroma_ui/built-fd5ce21b.js:38:7096)","msg":"trace","level":50,"time":"2017-05-01T18:21:35.742Z"}
{"name":"errors","pid":12785,"hostname":"will-iml.local","v":0,"trace":"at Scope.$eval (https://localhost:8000/static/chroma_ui/built-fd5ce21b.js:12:12643)","msg":"trace","level":50,"time":"2017-05-01T18:21:35.761Z"}
{"name":"errors","pid":12783,"hostname":"will-iml.local","v":0,"trace":"at https://localhost:8000/static/chroma_ui/built-fd5ce21b.js:14:4896","msg":"trace","level":50,"time":"2017-05-01T18:21:35.763Z"}
{"name":"errors","pid":12789,"hostname":"will-iml.local","v":0,"trace":"at HTMLButtonElement.elemData.handle (https://localhost:8000/static/chroma_ui/built-fd5ce21b.js:7:8056)","msg":"trace","level":50,"time":"2017-05-01T18:21:35.784Z"}
{"name":"errors","pid":13366,"hostname":"will-iml.local","v":0,"trace":"Error: Come on sourcemaps.","msg":"trace","level":50,"time":"2017-05-01T18:22:21.058Z"}
{"name":"errors","pid":13367,"hostname":"will-iml.local","v":0,"trace":"at Object.DashboardFilterCtrl.$scope.filter.onFilterView (https://localhost:8000/static/chroma_ui/built-fd5ce21b.js:38:7096)","msg":"trace","level":50,"time":"2017-05-01T18:22:21.180Z"}
{"name":"errors","pid":13368,"hostname":"will-iml.local","v":0,"trace":"at https://localhost:8000/static/chroma_ui/built-fd5ce21b.js:14:4896","msg":"trace","level":50,"time":"2017-05-01T18:22:21.181Z"}
{"name":"errors","pid":13370,"hostname":"will-iml.local","v":0,"trace":"at Scope.$eval (https://localhost:8000/static/chroma_ui/built-fd5ce21b.js:12:12643)","msg":"trace","level":50,"time":"2017-05-01T18:22:21.288Z"}
{"name":"errors","pid":13369,"hostname":"will-iml.local","v":0,"trace":"at https://localhost:8000/static/chroma_ui/built-fd5ce21b.js:14:16407","msg":"trace","level":50,"time":"2017-05-01T18:22:21.250Z"}
{"name":"errors","pid":13371,"hostname":"will-iml.local","v":0,"trace":"at Scope.$apply (https://localhost:8000/static/chroma_ui/built-fd5ce21b.js:12:12989)","msg":"trace","level":50,"time":"2017-05-01T18:22:21.606Z"}
{"name":"errors","pid":13373,"hostname":"will-iml.local","v":0,"trace":"at HTMLButtonElement.jQuery.event.dispatch (https://localhost:8000/static/chroma_ui/built-fd5ce21b.js:7:13226)","msg":"trace","level":50,"time":"2017-05-01T18:22:21.632Z"}
{"name":"errors","pid":13375,"hostname":"will-iml.local","v":0,"trace":"","msg":"trace","level":50,"time":"2017-05-01T18:22:21.637Z"}
{"name":"errors","pid":13374,"hostname":"will-iml.local","v":0,"trace":"at HTMLButtonElement.elemData.handle (https://localhost:8000/static/chroma_ui/built-fd5ce21b.js:7:8056)","msg":"trace","level":50,"time":"2017-05-01T18:22:21.578Z"}
{"name":"errors","pid":13372,"hostname":"will-iml.local","v":0,"trace":"at HTMLButtonElement.<anonymous> (https://localhost:8000/static/chroma_ui/built-fd5ce21b.js:14:16389)","msg":"trace","level":50,"time":"2017-05-01T18:22:21.689Z"}
{"name":"errors","pid":14141,"hostname":"will-iml.local","v":0,"trace":"at Scope.$eval (https://localhost:8000/static/chroma_ui/built-fd5ce21b.js:12:12643)","msg":"trace","level":50,"time":"2017-05-01T18:23:17.734Z"}
{"name":"errors","pid":14140,"hostname":"will-iml.local","v":0,"trace":"at https://localhost:8000/static/chroma_ui/built-fd5ce21b.js:14:16407","msg":"trace","level":50,"time":"2017-05-01T18:23:17.771Z"}
{"name":"errors","pid":14137,"hostname":"will-iml.local","v":0,"trace":"Error: Come on sourcemaps.","msg":"trace","level":50,"time":"2017-05-01T18:23:17.779Z"}
{"name":"errors","pid":14142,"hostname":"will-iml.local","v":0,"trace":"at Scope.$apply (https://localhost:8000/static/chroma_ui/built-fd5ce21b.js:12:12989)","msg":"trace","level":50,"time":"2017-05-01T18:23:17.790Z"}
{"name":"errors","pid":14146,"hostname":"will-iml.local","v":0,"trace":"","msg":"trace","level":50,"time":"2017-05-01T18:23:17.893Z"}
{"name":"errors","pid":14143,"hostname":"will-iml.local","v":0,"trace":"at HTMLButtonElement.<anonymous> (https://localhost:8000/static/chroma_ui/built-fd5ce21b.js:14:16389)","msg":"trace","level":50,"time":"2017-05-01T18:23:17.920Z"}
{"name":"errors","pid":14139,"hostname":"will-iml.local","v":0,"trace":"at https://localhost:8000/static/chroma_ui/built-fd5ce21b.js:14:4896","msg":"trace","level":50,"time":"2017-05-01T18:23:17.921Z"}
{"name":"errors","pid":14138,"hostname":"will-iml.local","v":0,"trace":"at Object.DashboardFilterCtrl.$scope.filter.onFilterView (https://localhost:8000/static/chroma_ui/built-fd5ce21b.js:38:7096)","msg":"trace","level":50,"time":"2017-05-01T18:23:17.949Z"}
{"name":"errors","pid":14144,"hostname":"will-iml.local","v":0,"trace":"at HTMLButtonElement.jQuery.event.dispatch (https://localhost:8000/static/chroma_ui/built-fd5ce21b.js:7:13226)","msg":"trace","level":50,"time":"2017-05-01T18:23:17.986Z"}
{"name":"errors","pid":14145,"hostname":"will-iml.local","v":0,"trace":"at HTMLButtonElement.elemData.handle (https://localhost:8000/static/chroma_ui/built-fd5ce21b.js:7:8056)","msg":"trace","level":50,"time":"2017-05-01T18:23:18.035Z"}
{"name":"errors","pid":14743,"hostname":"will-iml.local","v":0,"trace":"at Scope.$apply (https://localhost:8000/static/chroma_ui/built-fd5ce21b.js:12:12989)","msg":"trace","level":50,"time":"2017-05-01T18:23:53.451Z"}
{"name":"errors","pid":14738,"hostname":"will-iml.local","v":0,"trace":"Error: Come on sourcemaps.","msg":"trace","level":50,"time":"2017-05-01T18:23:53.459Z"}
{"name":"errors","pid":14739,"hostname":"will-iml.local","v":0,"trace":"at Object.DashboardFilterCtrl.$scope.filter.onFilterView (https://localhost:8000/static/chroma_ui/built-fd5ce21b.js:38:7096)","msg":"trace","level":50,"time":"2017-05-01T18:23:53.459Z"}
{"name":"errors","pid":14740,"hostname":"will-iml.local","v":0,"trace":"at https://localhost:8000/static/chroma_ui/built-fd5ce21b.js:14:4896","msg":"trace","level":50,"time":"2017-05-01T18:23:53.463Z"}
{"name":"errors","pid":14745,"hostname":"will-iml.local","v":0,"trace":"at HTMLButtonElement.jQuery.event.dispatch (https://localhost:8000/static/chroma_ui/built-fd5ce21b.js:7:13226)","msg":"trace","level":50,"time":"2017-05-01T18:23:53.469Z"}
{"name":"errors","pid":14746,"hostname":"will-iml.local","v":0,"trace":"at HTMLButtonElement.elemData.handle (https://localhost:8000/static/chroma_ui/built-fd5ce21b.js:7:8056)","msg":"trace","level":50,"time":"2017-05-01T18:23:53.470Z"}
{"name":"errors","pid":14744,"hostname":"will-iml.local","v":0,"trace":"at HTMLButtonElement.<anonymous> (https://localhost:8000/static/chroma_ui/built-fd5ce21b.js:14:16389)","msg":"trace","level":50,"time":"2017-05-01T18:23:53.472Z"}
{"name":"errors","pid":14741,"hostname":"will-iml.local","v":0,"trace":"at https://localhost:8000/static/chroma_ui/built-fd5ce21b.js:14:16407","msg":"trace","level":50,"time":"2017-05-01T18:23:53.476Z"}
{"name":"errors","pid":14742,"hostname":"will-iml.local","v":0,"trace":"at Scope.$eval (https://localhost:8000/static/chroma_ui/built-fd5ce21b.js:12:12643)","msg":"trace","level":50,"time":"2017-05-01T18:23:53.480Z"}
{"name":"errors","pid":15188,"hostname":"will-iml.local","v":0,"trace":"at Object.DashboardFilterCtrl.$scope.filter.onFilterView (https://localhost:8000/static/chroma_ui/built-fd5ce21b.js:38:7096)","msg":"trace","level":50,"time":"2017-05-01T18:25:05.391Z"}
{"name":"errors","pid":15187,"hostname":"will-iml.local","v":0,"trace":"Error: Come on sourcemaps.","msg":"trace","level":50,"time":"2017-05-01T18:25:05.454Z"}
{"name":"errors","pid":15189,"hostname":"will-iml.local","v":0,"trace":"at https://localhost:8000/static/chroma_ui/built-fd5ce21b.js:14:4896","msg":"trace","level":50,"time":"2017-05-01T18:25:05.456Z"}
{"name":"errors","pid":15191,"hostname":"will-iml.local","v":0,"trace":"at Scope.$eval (https://localhost:8000/static/chroma_ui/built-fd5ce21b.js:12:12643)","msg":"trace","level":50,"time":"2017-05-01T18:25:05.469Z"}
{"name":"errors","pid":15192,"hostname":"will-iml.local","v":0,"trace":"at Scope.$apply (https://localhost:8000/static/chroma_ui/built-fd5ce21b.js:12:12989)","msg":"trace","level":50,"time":"2017-05-01T18:25:05.571Z"}
{"name":"errors","pid":15190,"hostname":"will-iml.local","v":0,"trace":"at https://localhost:8000/static/chroma_ui/built-fd5ce21b.js:14:16407","msg":"trace","level":50,"time":"2017-05-01T18:25:05.575Z"}
{"name":"errors","pid":15193,"hostname":"will-iml.local","v":0,"trace":"at HTMLButtonElement.<anonymous> (https://localhost:8000/static/chroma_ui/built-fd5ce21b.js:14:16389)","msg":"trace","level":50,"time":"2017-05-01T18:25:05.554Z"}
{"name":"errors","pid":15194,"hostname":"will-iml.local","v":0,"trace":"at HTMLButtonElement.jQuery.event.dispatch (https://localhost:8000/static/chroma_ui/built-fd5ce21b.js:7:13226)","msg":"trace","level":50,"time":"2017-05-01T18:25:05.599Z"}
{"name":"errors","pid":15195,"hostname":"will-iml.local","v":0,"trace":"at HTMLButtonElement.elemData.handle (https://localhost:8000/static/chroma_ui/built-fd5ce21b.js:7:8056)","msg":"trace","level":50,"time":"2017-05-01T18:25:05.652Z"}
{"name":"errors","pid":15196,"hostname":"will-iml.local","v":0,"trace":"","msg":"trace","level":50,"time":"2017-05-01T18:25:05.709Z"}
{"name":"errors","pid":15209,"hostname":"will-iml.local","v":0,"trace":"at Object.DashboardFilterCtrl.$scope.filter.onFilterView (https://localhost:8000/static/chroma_ui/built-fd5ce21b.js:38:7096)","msg":"trace","level":50,"time":"2017-05-01T18:25:07.301Z"}
{"name":"errors","pid":16013,"hostname":"will-iml.local","v":0,"trace":"at Object.DashboardFilterCtrl.$scope.filter.onFilterView (https://localhost:8000/static/chroma_ui/built-fd5ce21b.js:38:7096)","msg":"trace","level":50,"time":"2017-05-01T18:28:40.264Z"}
{"name":"errors","pid":16014,"hostname":"will-iml.local","v":0,"trace":"at https://localhost:8000/static/chroma_ui/built-fd5ce21b.js:14:4896","msg":"trace","level":50,"time":"2017-05-01T18:28:40.272Z"}
{"name":"errors","pid":16018,"hostname":"will-iml.local","v":0,"trace":"at HTMLButtonElement.<anonymous> (https://localhost:8000/static/chroma_ui/built-fd5ce21b.js:14:16389)","msg":"trace","level":50,"time":"2017-05-01T18:28:40.276Z"}
{"name":"errors","pid":16016,"hostname":"will-iml.local","v":0,"trace":"at Scope.$eval (https://localhost:8000/static/chroma_ui/built-fd5ce21b.js:12:12643)","msg":"trace","level":50,"time":"2017-05-01T18:28:40.276Z"}
{"name":"errors","pid":16012,"hostname":"will-iml.local","v":0,"trace":"Error: Come on sourcemaps.","msg":"trace","level":50,"time":"2017-05-01T18:28:40.236Z"}
{"name":"errors","pid":16015,"hostname":"will-iml.local","v":0,"trace":"at https://localhost:8000/static/chroma_ui/built-fd5ce21b.js:14:16407","msg":"trace","level":50,"time":"2017-05-01T18:28:40.279Z"}
{"name":"errors","pid":16017,"hostname":"will-iml.local","v":0,"trace":"at Scope.$apply (https://localhost:8000/static/chroma_ui/built-fd5ce21b.js:12:12989)","msg":"trace","level":50,"time":"2017-05-01T18:28:40.269Z"}
{"name":"errors","pid":16021,"hostname":"will-iml.local","v":0,"trace":"","msg":"trace","level":50,"time":"2017-05-01T18:28:40.309Z"}
{"name":"errors","pid":16020,"hostname":"will-iml.local","v":0,"trace":"at HTMLButtonElement.elemData.handle (https://localhost:8000/static/chroma_ui/built-fd5ce21b.js:7:8056)","msg":"trace","level":50,"time":"2017-05-01T18:28:40.304Z"}
{"name":"errors","pid":16019,"hostname":"will-iml.local","v":0,"trace":"at HTMLButtonElement.jQuery.event.dispatch (https://localhost:8000/static/chroma_ui/built-fd5ce21b.js:7:13226)","msg":"trace","level":50,"time":"2017-05-01T18:28:40.318Z"}
{"name":"errors","pid":16027,"hostname":"will-iml.local","v":0,"trace":"at Object.DashboardFilterCtrl.$scope.filter.onFilterView (https://localhost:8000/static/chroma_ui/built-fd5ce21b.js:38:7096)","msg":"trace","level":50,"time":"2017-05-01T18:28:41.649Z"}
{"name":"errors","pid":18906,"hostname":"will-iml.local","v":0,"trace":"at https://localhost:8000/static/chroma_ui/built-fd5ce21b.js:14:16407","msg":"trace","level":50,"time":"2017-05-01T19:01:38.136Z"}
{"name":"errors","pid":18909,"hostname":"will-iml.local","v":0,"trace":"at HTMLButtonElement.<anonymous> (https://localhost:8000/static/chroma_ui/built-fd5ce21b.js:14:16389)","msg":"trace","level":50,"time":"2017-05-01T19:01:38.170Z"}
{"name":"errors","pid":18908,"hostname":"will-iml.local","v":0,"trace":"at Scope.$apply (https://localhost:8000/static/chroma_ui/built-fd5ce21b.js:12:12989)","msg":"trace","level":50,"time":"2017-05-01T19:01:38.172Z"}
{"name":"errors","pid":18907,"hostname":"will-iml.local","v":0,"trace":"at Scope.$eval (https://localhost:8000/static/chroma_ui/built-fd5ce21b.js:12:12643)","msg":"trace","level":50,"time":"2017-05-01T19:01:38.218Z"}
{"name":"errors","pid":18912,"hostname":"will-iml.local","v":0,"trace":"","msg":"trace","level":50,"time":"2017-05-01T19:01:38.324Z"}
{"name":"errors","pid":18910,"hostname":"will-iml.local","v":0,"trace":"at HTMLButtonElement.jQuery.event.dispatch (https://localhost:8000/static/chroma_ui/built-fd5ce21b.js:7:13226)","msg":"trace","level":50,"time":"2017-05-01T19:01:38.366Z"}
{"name":"errors","pid":18904,"hostname":"will-iml.local","v":0,"trace":"at Object.DashboardFilterCtrl.$scope.filter.onFilterView (https://localhost:8000/static/chroma_ui/built-fd5ce21b.js:38:7096)","msg":"trace","level":50,"time":"2017-05-01T19:01:38.443Z"}
{"name":"errors","pid":18903,"hostname":"will-iml.local","v":0,"trace":"Error: Come on sourcemaps.","msg":"trace","level":50,"time":"2017-05-01T19:01:38.491Z"}
{"name":"errors","pid":18905,"hostname":"will-iml.local","v":0,"trace":"at https://localhost:8000/static/chroma_ui/built-fd5ce21b.js:14:4896","msg":"trace","level":50,"time":"2017-05-01T19:01:38.542Z"}
{"name":"errors","pid":18911,"hostname":"will-iml.local","v":0,"trace":"at HTMLButtonElement.elemData.handle (https://localhost:8000/static/chroma_ui/built-fd5ce21b.js:7:8056)","msg":"trace","level":50,"time":"2017-05-01T19:01:39.517Z"}
{"name":"errors","pid":18926,"hostname":"will-iml.local","v":0,"trace":"at Object.DashboardFilterCtrl.$scope.filter.onFilterView (https://localhost:8000/static/chroma_ui/built-fd5ce21b.js:38:7096)","msg":"trace","level":50,"time":"2017-05-01T19:01:40.502Z"}
